0 info it worked if it ends with ok
1 verbose cli [ 'C:\\Program Files\\nodejs\\node.exe',
1 verbose cli   'C:\\Program Files\\nodejs\\node_modules\\npm\\bin\\npm-cli.js',
1 verbose cli   'run',
1 verbose cli   'deploy' ]
2 info using npm@3.10.10
3 info using node@v6.10.3
4 verbose run-script [ 'predeploy', 'deploy', 'postdeploy' ]
5 info lifecycle pet_finder@1.0.0~predeploy: pet_finder@1.0.0
6 silly lifecycle pet_finder@1.0.0~predeploy: no script for predeploy, continuing
7 info lifecycle pet_finder@1.0.0~deploy: pet_finder@1.0.0
8 verbose lifecycle pet_finder@1.0.0~deploy: unsafe-perm in lifecycle true
9 verbose lifecycle pet_finder@1.0.0~deploy: PATH: C:\Program Files\nodejs\node_modules\npm\bin\node-gyp-bin;C:\myProjects\pet_finder\node_modules\.bin;C:\Program Files\Git\mingw64\bin;C:\Program Files\Git\usr\bin;C:\Users\highcountrylivin\bin;C:\Program Files (x86)\Razer Chroma SDK\bin;C:\Program Files\Razer Chroma SDK\bin;C:\Program Files (x86)\Intel\iCLS Client;C:\Program Files\Intel\iCLS Client;C:\Windows\system32;C:\Windows;C:\Windows\System32\Wbem;C:\Windows\System32\WindowsPowerShell\v1.0;C:\Program Files (x86)\Intel\Intel(R) Management Engine Components\DAL;C:\Program Files\Intel\Intel(R) Management Engine Components\DAL;C:\Program Files (x86)\Intel\Intel(R) Management Engine Components\IPT;C:\Program Files\Intel\Intel(R) Management Engine Components\IPT;C:\WINDOWS\system32;C:\WINDOWS;C:\WINDOWS\System32\Wbem;C:\WINDOWS\System32\WindowsPowerShell\v1.0;C:\Users\highcountrylivin\AppData\Local\Microsoft\WindowsApps;C:\Program Files\nodejs;C:\Program Files (x86)\Yarn\bin;C:\Program Files\Git\cmd;C:\Program Files\Git\mingw64\bin;C:\Program Files\Git\usr\bin;C:\Program Files (x86)\NVIDIA Corporation\PhysX\Common;C:\Program Files (x86)\Microsoft VS Code\bin;C:\WINDOWS\system32;C:\WINDOWS;C:\WINDOWS\System32\Wbem;C:\WINDOWS\System32\WindowsPowerShell\v1.0;C:\WINDOWS\System32\OpenSSH;C:\Users\highcountrylivin\AppData\Local\Microsoft\WindowsApps;C:\Users\highcountrylivin\AppData\Local\atom\bin;C:\Users\highcountrylivin\AppData\Roaming\npm;C:\Users\highcountrylivin\AppData\Local\Yarn\bin;C:\Program Files (x86)\Microsoft VS Code\bin;C:\Users\highcountrylivin\AppData\Local\Microsoft\WindowsApps;C:\Users\highcountrylivin\AppData\Local\Programs\Microsoft VS Code\bin;C:\Program Files\heroku\bin
10 verbose lifecycle pet_finder@1.0.0~deploy: CWD: C:\myProjects\pet_finder
11 silly lifecycle pet_finder@1.0.0~deploy: Args: [ '/d /s /c', 'gh-pages -d dist' ]
12 silly lifecycle pet_finder@1.0.0~deploy: Returned: code: 1  signal: null
13 info lifecycle pet_finder@1.0.0~deploy: Failed to exec deploy script
14 verbose stack Error: pet_finder@1.0.0 deploy: `gh-pages -d dist`
14 verbose stack Exit status 1
14 verbose stack     at EventEmitter.<anonymous> (C:\Program Files\nodejs\node_modules\npm\lib\utils\lifecycle.js:255:16)
14 verbose stack     at emitTwo (events.js:106:13)
14 verbose stack     at EventEmitter.emit (events.js:191:7)
14 verbose stack     at ChildProcess.<anonymous> (C:\Program Files\nodejs\node_modules\npm\lib\utils\spawn.js:40:14)
14 verbose stack     at emitTwo (events.js:106:13)
14 verbose stack     at ChildProcess.emit (events.js:191:7)
14 verbose stack     at maybeClose (internal/child_process.js:886:16)
14 verbose stack     at Process.ChildProcess._handle.onexit (internal/child_process.js:226:5)
15 verbose pkgid pet_finder@1.0.0
16 verbose cwd C:\myProjects\pet_finder
17 error Windows_NT 10.0.17134
18 error argv "C:\\Program Files\\nodejs\\node.exe" "C:\\Program Files\\nodejs\\node_modules\\npm\\bin\\npm-cli.js" "run" "deploy"
19 error node v6.10.3
20 error npm  v3.10.10
21 error code ELIFECYCLE
22 error pet_finder@1.0.0 deploy: `gh-pages -d dist`
22 error Exit status 1
23 error Failed at the pet_finder@1.0.0 deploy script 'gh-pages -d dist'.
23 error Make sure you have the latest version of node.js and npm installed.
23 error If you do, this is most likely a problem with the pet_finder package,
23 error not with npm itself.
23 error Tell the author that this fails on your system:
23 error     gh-pages -d dist
23 error You can get information on how to open an issue for this project with:
23 error     npm bugs pet_finder
23 error Or if that isn't available, you can get their info via:
23 error     npm owner ls pet_finder
23 error There is likely additional logging output above.
24 verbose exit [ 1, true ]
